2023-05-09T20:18:03.317+05:30  INFO 10548 --- [restartedMain] c.r.G1AppointmentServiceApplication      : Starting G1AppointmentServiceApplication using Java 17.0.6 with PID 10548 (C:\zServices\with-testing-all-microservices\g1-appointment-service\target\classes started by asus in C:\zServices\with-testing-all-microservices\g1-appointment-service)
2023-05-09T20:18:03.325+05:30  INFO 10548 --- [restartedMain] c.r.G1AppointmentServiceApplication      : The following 1 profile is active: "local"
2023-05-09T20:18:03.385+05:30  INFO 10548 --- [restartedMain] .e.DevToolsPropertyDefaultsPostProcessor : For additional web related logging consider setting the 'logging.level.web' property to 'DEBUG'
2023-05-09T20:18:04.394+05:30  INFO 10548 --- [restartedMain] .s.d.r.c.RepositoryConfigurationDelegate : Bootstrapping Spring Data JPA repositories in DEFAULT mode.
2023-05-09T20:18:04.552+05:30  INFO 10548 --- [restartedMain] .s.d.r.c.RepositoryConfigurationDelegate : Finished Spring Data repository scanning in 145 ms. Found 1 JPA repository interfaces.
2023-05-09T20:18:04.806+05:30  INFO 10548 --- [restartedMain] o.s.cloud.context.scope.GenericScope     : BeanFactory id=dfad4a8d-76cd-31fc-b4cf-09a6fb2349ca
2023-05-09T20:18:05.424+05:30  INFO 10548 --- [restartedMain] o.s.b.w.embedded.tomcat.TomcatWebServer  : Tomcat initialized with port(s): 9006 (http)
2023-05-09T20:18:05.434+05:30  INFO 10548 --- [restartedMain] o.apache.catalina.core.StandardService   : Starting service [Tomcat]
2023-05-09T20:18:05.434+05:30  INFO 10548 --- [restartedMain] o.apache.catalina.core.StandardEngine    : Starting Servlet engine: [Apache Tomcat/10.1.5]
2023-05-09T20:18:05.519+05:30  INFO 10548 --- [restartedMain] o.a.c.c.C.[Tomcat].[localhost].[/]       : Initializing Spring embedded WebApplicationContext
2023-05-09T20:18:05.519+05:30  INFO 10548 --- [restartedMain] w.s.c.ServletWebServerApplicationContext : Root WebApplicationContext: initialization completed in 2131 ms
2023-05-09T20:18:06.115+05:30  INFO 10548 --- [restartedMain] com.zaxxer.hikari.HikariDataSource       : HikariPool-1 - Starting...
2023-05-09T20:18:06.415+05:30  INFO 10548 --- [restartedMain] com.zaxxer.hikari.pool.HikariPool        : HikariPool-1 - Added connection com.mysql.cj.jdbc.ConnectionImpl@607736a7
2023-05-09T20:18:06.415+05:30  INFO 10548 --- [restartedMain] com.zaxxer.hikari.HikariDataSource       : HikariPool-1 - Start completed.
2023-05-09T20:18:06.478+05:30  INFO 10548 --- [restartedMain] SQL dialect                              : HHH000400: Using dialect: org.hibernate.dialect.MySQLDialect
2023-05-09T20:18:07.192+05:30  INFO 10548 --- [restartedMain] j.LocalContainerEntityManagerFactoryBean : Initialized JPA EntityManagerFactory for persistence unit 'default'
2023-05-09T20:18:07.819+05:30  WARN 10548 --- [restartedMain] JpaBaseConfiguration$JpaWebConfiguration : spring.jpa.open-in-view is enabled by default. Therefore, database queries may be performed during view rendering. Explicitly configure spring.jpa.open-in-view to disable this warning
2023-05-09T20:18:09.313+05:30  WARN 10548 --- [restartedMain] o.s.b.d.a.OptionalLiveReloadServer       : Unable to start LiveReload server
2023-05-09T20:18:09.452+05:30  WARN 10548 --- [restartedMain] iguration$LoadBalancerCaffeineWarnLogger : Spring Cloud LoadBalancer is currently working with the default cache. While this cache implementation is useful for development and tests, it's recommended to use Caffeine cache in production.You can switch to using Caffeine cache, by adding it and org.springframework.cache.caffeine.CaffeineCacheManager to the classpath.
2023-05-09T20:18:09.452+05:30  INFO 10548 --- [restartedMain] o.s.b.a.e.web.EndpointLinksResolver      : Exposing 19 endpoint(s) beneath base path '/actuator'
2023-05-09T20:18:09.556+05:30  INFO 10548 --- [restartedMain] o.s.b.w.embedded.tomcat.TomcatWebServer  : Tomcat started on port(s): 9006 (http) with context path ''
2023-05-09T20:18:09.556+05:30  INFO 10548 --- [restartedMain] o.s.c.c.s.ConsulServiceRegistry          : Registering service with consul: NewService{id='g1-appointment-service-9006', name='g1-appointment-service', tags=[], address='host.docker.internal', meta={secure=false}, port=9006, enableTagOverride=null, check=Check{script='null', dockerContainerID='null', shell='null', interval='12s', ttl='null', http='http://host.docker.internal:9006/actuator/health', method='null', header={}, tcp='null', timeout='null', deregisterCriticalServiceAfter='null', tlsSkipVerify=null, status='null', grpc='null', grpcUseTLS=null}, checks=null}
2023-05-09T20:18:09.652+05:30  INFO 10548 --- [restartedMain] c.r.G1AppointmentServiceApplication      : Started G1AppointmentServiceApplication in 6.851 seconds (process running for 7.392)
2023-05-09T20:18:17.033+05:30  INFO 10548 --- [http-nio-9006-exec-2] o.a.c.c.C.[Tomcat].[localhost].[/]       : Initializing Spring DispatcherServlet 'dispatcherServlet'
2023-05-09T20:18:17.033+05:30  INFO 10548 --- [http-nio-9006-exec-2] o.s.web.servlet.DispatcherServlet        : Initializing Servlet 'dispatcherServlet'
2023-05-09T20:18:17.033+05:30  INFO 10548 --- [http-nio-9006-exec-2] o.s.web.servlet.DispatcherServlet        : Completed initialization in 0 ms
2023-05-09T21:28:43.949+05:30  INFO 10548 --- [http-nio-9006-exec-5] com.revature.loggers.Logging             : method invokeclass com.revature.controller.AppointmentController:getAllAppointments()arguments : [1]
2023-05-09T21:28:43.956+05:30  INFO 10548 --- [http-nio-9006-exec-5] com.revature.loggers.Logging             : method invokeclass com.revature.serviceImpl.AppointmentServiceImpl:getAllAppointments()arguments : [1]
2023-05-09T21:28:43.961+05:30  INFO 10548 --- [http-nio-9006-exec-5] com.revature.loggers.Logging             : method invokeclass jdk.proxy4.$Proxy147:findAllByPatientId()arguments : [1]
2023-05-09T21:28:44.251+05:30  INFO 10548 --- [http-nio-9006-exec-5] com.revature.loggers.Logging             : class jdk.proxy4.$Proxy147:findAllByPatientId()Response : [{"id":1,"reason":"data","date":"23-02-23","acceptance":"accepted","patientId":1,"physicianEmail":"sri@gmail.com","submissionDate":"23-04-2023"}]
2023-05-09T21:28:44.300+05:30  INFO 10548 --- [http-nio-9006-exec-5] com.revature.loggers.Logging             : class com.revature.serviceImpl.AppointmentServiceImpl:getAllAppointments()Response : [{"id":1,"reason":"data","date":"23-02-23","acceptance":"accepted","patientId":1,"physicianEmail":"sri@gmail.com","submissionDate":"23-04-2023","physcianEmail":"sri@gmail.com"}]
2023-05-09T21:28:44.325+05:30  INFO 10548 --- [http-nio-9006-exec-5] com.revature.loggers.Logging             : class com.revature.controller.AppointmentController:getAllAppointments()Response : {"headers":{},"body":[{"id":1,"reason":"data","date":"23-02-23","acceptance":"accepted","patientId":1,"physicianEmail":"sri@gmail.com","submissionDate":"23-04-2023","physcianEmail":"sri@gmail.com"}],"statusCode":"OK","statusCodeValue":200}
2023-05-09T21:29:25.170+05:30  INFO 10548 --- [http-nio-9006-exec-10] com.revature.loggers.Logging             : method invokeclass com.revature.controller.AppointmentController:getAllAppointments()arguments : [1]
2023-05-09T21:29:25.170+05:30  INFO 10548 --- [http-nio-9006-exec-10] com.revature.loggers.Logging             : method invokeclass com.revature.serviceImpl.AppointmentServiceImpl:getAllAppointments()arguments : [1]
2023-05-09T21:29:25.170+05:30  INFO 10548 --- [http-nio-9006-exec-10] com.revature.loggers.Logging             : method invokeclass jdk.proxy4.$Proxy147:findAllByPatientId()arguments : [1]
2023-05-09T21:29:25.170+05:30  INFO 10548 --- [http-nio-9006-exec-10] com.revature.loggers.Logging             : class jdk.proxy4.$Proxy147:findAllByPatientId()Response : [{"id":1,"reason":"data","date":"23-02-23","acceptance":"accepted","patientId":1,"physicianEmail":"sri@gmail.com","submissionDate":"23-04-2023"}]
2023-05-09T21:29:25.183+05:30  INFO 10548 --- [http-nio-9006-exec-10] com.revature.loggers.Logging             : class com.revature.serviceImpl.AppointmentServiceImpl:getAllAppointments()Response : [{"id":1,"reason":"data","date":"23-02-23","acceptance":"accepted","patientId":1,"physicianEmail":"sri@gmail.com","submissionDate":"23-04-2023","physcianEmail":"sri@gmail.com"}]
2023-05-09T21:29:25.183+05:30  INFO 10548 --- [http-nio-9006-exec-10] com.revature.loggers.Logging             : class com.revature.controller.AppointmentController:getAllAppointments()Response : {"headers":{},"body":[{"id":1,"reason":"data","date":"23-02-23","acceptance":"accepted","patientId":1,"physicianEmail":"sri@gmail.com","submissionDate":"23-04-2023","physcianEmail":"sri@gmail.com"}],"statusCode":"OK","statusCodeValue":200}
